print("Analyzing sales data trends...")

# Helper functions
def compute_slope(group):
    if len(group) < 2:
        return np.nan
    X = group['month_ordinal'].values.reshape(-1, 1)
    y = group['Value'].values
    model = LinearRegression()
    model.fit(X, y)
    return model.coef_[0]

def compute_volume_slope(group):
    if len(group) < 2:
        return np.nan
    X = group['month_ordinal'].values.reshape(-1, 1)
    y = group['Volume'].values
    model = LinearRegression()
    model.fit(X, y)
    return model.coef_[0]

# Most recent 3 months
recent_months = sorted(sales_df['month'].unique())[-6:]
sales_3m = sales_df[sales_df['month'].isin(recent_months)]

# Dealer-level trend
dealer_trends = sales_3m.groupby('dealer_code').apply(compute_slope).reset_index(name='sales_slope')
dealer_volume_trends = sales_3m.groupby('dealer_code').apply(compute_volume_slope).reset_index(name='volume_slope')
dealer_trends = pd.merge(dealer_trends, dealer_volume_trends, on='dealer_code', how='left')

# Category-level trend
category_trends = sales_3m.groupby(['dealer_code', 'Product_Category']).apply(compute_slope).reset_index(name='sales_slope')
category_volume_trends = sales_3m.groupby(['dealer_code', 'Product_Category']).apply(compute_volume_slope).reset_index(name='volume_slope')
category_trends = pd.merge(category_trends, category_volume_trends, on=['dealer_code', 'Product_Category'], how='left')

# YoY Sales Growth
current_year = sales_df['year'].max()
prev_year = current_year - 1

dealer_sales_current = sales_df[sales_df['year'] == current_year].groupby('dealer_code')['Value'].sum().reset_index(name='current_sales')
dealer_sales_prev = sales_df[sales_df['year'] == prev_year].groupby('dealer_code')['Value'].sum().reset_index(name='prev_sales')
dealer_sales_yoy = pd.merge(dealer_sales_current, dealer_sales_prev, on='dealer_code', how='left')
dealer_sales_yoy['sales_yoy_growth'] = ((dealer_sales_yoy['current_sales'] - dealer_sales_yoy['prev_sales']) / dealer_sales_yoy['prev_sales'])
dealer_sales_yoy = dealer_sales_yoy.replace([np.inf, -np.inf], np.nan).dropna(subset=['sales_yoy_growth'])

# Category-level YoY
cat_sales_current = sales_df[sales_df['year'] == current_year].groupby(['dealer_code', 'Product_Category'])['Value'].sum().reset_index(name='current_sales')
cat_sales_prev = sales_df[sales_df['year'] == prev_year].groupby(['dealer_code', 'Product_Category'])['Value'].sum().reset_index(name='prev_sales')
cat_sales_yoy = pd.merge(cat_sales_current, cat_sales_prev, on=['dealer_code', 'Product_Category'], how='left')
cat_sales_yoy['sales_yoy_growth'] = ((cat_sales_yoy['current_sales'] - cat_sales_yoy['prev_sales']) / cat_sales_yoy['prev_sales'])
cat_sales_yoy = cat_sales_yoy.replace([np.inf, -np.inf], np.nan).dropna(subset=['sales_yoy_growth'])

print("Sales trends calculated.")



------

print("Analyzing sales data trends (6-month window)...")

# Helper functions
def compute_slope(group):
    if len(group) < 2:
        return np.nan
    X = group['month_ordinal'].values.reshape(-1, 1)
    y = group['Value'].values
    model = LinearRegression()
    model.fit(X, y)
    return model.coef_[0]

def compute_volume_slope(group):
    if len(group) < 2:
        return np.nan
    X = group['month_ordinal'].values.reshape(-1, 1)
    y = group['Volume'].values
    model = LinearRegression()
    model.fit(X, y)
    return model.coef_[0]

# === STEP 1: Define recent 6-month period ===
recent_months = sorted(sales_df['month'].unique())[-6:]
sales_6m = sales_df[sales_df['month'].isin(recent_months)].copy()

# === STEP 2: Add month ordinal for slope calculation ===
sales_6m['month_ordinal'] = sales_6m['month'].map(lambda x: x.toordinal())

# === STEP 3: Dealer-level slope (value & volume) ===
dealer_trends = sales_6m.groupby('dealer_code').apply(compute_slope).reset_index(name='sales_slope')
dealer_volume_trends = sales_6m.groupby('dealer_code').apply(compute_volume_slope).reset_index(name='volume_slope')
dealer_trends = pd.merge(dealer_trends, dealer_volume_trends, on='dealer_code', how='left')

# === STEP 4: Filter categories with >5% contribution per dealer ===
# Dealer total sales
dealer_total_6m = sales_6m.groupby('dealer_code')['Value'].sum().reset_index(name='dealer_total_6m')

# Dealer-category sales
dealer_cat_6m = (
    sales_6m.groupby(['dealer_code', 'Product_Category'])['Value']
    .sum()
    .reset_index(name='cat_sales_6m')
)

# Compute share
dealer_cat_6m = dealer_cat_6m.merge(dealer_total_6m, on='dealer_code', how='left')
dealer_cat_6m['cat_share'] = dealer_cat_6m['cat_sales_6m'] / dealer_cat_6m['dealer_total_6m']

# Keep only those >5% share
valid_dealer_categories = dealer_cat_6m[dealer_cat_6m['cat_share'] >= 0.05][['dealer_code', 'Product_Category']]

# === STEP 5: Category-level slope (value & volume) for valid dealer-category combos ===
sales_6m_valid = sales_6m.merge(valid_dealer_categories, on=['dealer_code', 'Product_Category'], how='inner')

# Value slope
cat_value_slope = (
    sales_6m_valid.groupby(['dealer_code', 'Product_Category'])
    .apply(lambda g: compute_slope(g, 'Value'))
    .reset_index(name='sales_slope')
)

# Volume slope
cat_volume_slope = (
    sales_6m_valid.groupby(['dealer_code', 'Product_Category'])
    .apply(lambda g: compute_slope(g, 'Volume'))
    .reset_index(name='volume_slope')
)

# Final category-level slope trends
category_trends = pd.merge(cat_value_slope, cat_volume_slope, on=['dealer_code', 'Product_Category'])

# === STEP 6: Continue with YoY logic as is ===
current_year = sales_df['year'].max()
prev_year = current_year - 1

dealer_sales_current = sales_df[sales_df['year'] == current_year].groupby('dealer_code')['Value'].sum().reset_index(name='current_sales')
dealer_sales_prev = sales_df[sales_df['year'] == prev_year].groupby('dealer_code')['Value'].sum().reset_index(name='prev_sales')
dealer_sales_yoy = pd.merge(dealer_sales_current, dealer_sales_prev, on='dealer_code', how='left')
dealer_sales_yoy['sales_yoy_growth'] = ((dealer_sales_yoy['current_sales'] - dealer_sales_yoy['prev_sales']) / dealer_sales_yoy['prev_sales'])
dealer_sales_yoy = dealer_sales_yoy.replace([np.inf, -np.inf], np.nan).dropna(subset=['sales_yoy_growth'])

cat_sales_current = sales_df[sales_df['year'] == current_year].groupby(['dealer_code', 'Product_Category'])['Value'].sum().reset_index(name='current_sales')
cat_sales_prev = sales_df[sales_df['year'] == prev_year].groupby(['dealer_code', 'Product_Category'])['Value'].sum().reset_index(name='prev_sales')
cat_sales_yoy = pd.merge(cat_sales_current, cat_sales_prev, on=['dealer_code', 'Product_Category'], how='left')
cat_sales_yoy['sales_yoy_growth'] = ((cat_sales_yoy['current_sales'] - cat_sales_yoy['prev_sales']) / cat_sales_yoy['prev_sales'])
cat_sales_yoy = cat_sales_yoy.replace([np.inf, -np.inf], np.nan).dropna(subset=['sales_yoy_growth'])

print("Sales trends calculated with 6-month slope and filtered category churn.")



---------
TypeError                                 Traceback (most recent call last)
File ~\AppData\Local\Programs\Python\Python312\Lib\site-packages\pandas\core\groupby\groupby.py:1824, in GroupBy.apply(self, func, include_groups, *args, **kwargs)
   1823 try:
-> 1824     result = self._python_apply_general(f, self._selected_obj)
   1825     if (
   1826         not isinstance(self.obj, Series)
   1827         and self._selection is None
   1828         and self._selected_obj.shape != self._obj_with_exclusions.shape
   1829     ):

File ~\AppData\Local\Programs\Python\Python312\Lib\site-packages\pandas\core\groupby\groupby.py:1885, in GroupBy._python_apply_general(self, f, data, not_indexed_same, is_transform, is_agg)
   1859 """
   1860 Apply function f in python space
   1861 
   (...)   1883     data after applying f
   1884 """
-> 1885 values, mutated = self._grouper.apply_groupwise(f, data, self.axis)
   1886 if not_indexed_same is None:

File ~\AppData\Local\Programs\Python\Python312\Lib\site-packages\pandas\core\groupby\ops.py:919, in BaseGrouper.apply_groupwise(self, f, data, axis)
    918 group_axes = group.axes
--> 919 res = f(group)
    920 if not mutated and not _is_indexed_like(res, group_axes, axis):

Cell In[36], line 58, in <lambda>(g)
     55 # Value slope
     56 cat_value_slope = (
     57     sales_6m_valid.groupby(['dealer_code', 'Product_Category'])
---> 58     .apply(lambda g: compute_slope(g, 'Value'))
     59     .reset_index(name='sales_slope')
     60 )
     62 # Volume slope

TypeError: compute_slope() takes 1 positional argument but 2 were given

During handling of the above exception, another exception occurred:

TypeError                                 Traceback (most recent call last)
Cell In[36], line 58
     53 sales_6m_valid = sales_6m.merge(valid_dealer_categories, on=['dealer_code', 'Product_Category'], how='inner')
     55 # Value slope
     56 cat_value_slope = (
     57     sales_6m_valid.groupby(['dealer_code', 'Product_Category'])
---> 58     .apply(lambda g: compute_slope(g, 'Value'))
     59     .reset_index(name='sales_slope')
     60 )
     62 # Volume slope
     63 cat_volume_slope = (
     64     sales_6m_valid.groupby(['dealer_code', 'Product_Category'])
     65     .apply(lambda g: compute_slope(g, 'Volume'))
     66     .reset_index(name='volume_slope')
     67 )

File ~\AppData\Local\Programs\Python\Python312\Lib\site-packages\pandas\core\groupby\groupby.py:1846, in GroupBy.apply(self, func, include_groups, *args, **kwargs)
   1830             warnings.warn(
   1831                 message=_apply_groupings_depr.format(
   1832                     type(self).__name__, "apply"
   (...)   1835                 stacklevel=find_stack_level(),
   1836             )
   1837     except TypeError:
   1838         # gh-20949
   1839         # try again, with .apply acting as a filtering
   (...)   1843         # fails on *some* columns, e.g. a numeric operation
   1844         # on a string grouper column
-> 1846         return self._python_apply_general(f, self._obj_with_exclusions)
   1848 return result

File ~\AppData\Local\Programs\Python\Python312\Lib\site-packages\pandas\core\groupby\groupby.py:1885, in GroupBy._python_apply_general(self, f, data, not_indexed_same, is_transform, is_agg)
   1850 @final
   1851 def _python_apply_general(
   1852     self,
   (...)   1857     is_agg: bool = False,
   1858 ) -> NDFrameT:
   1859     """
   1860     Apply function f in python space
   1861 
   (...)   1883         data after applying f
   1884     """
-> 1885     values, mutated = self._grouper.apply_groupwise(f, data, self.axis)
   1886     if not_indexed_same is None:
   1887         not_indexed_same = mutated

File ~\AppData\Local\Programs\Python\Python312\Lib\site-packages\pandas\core\groupby\ops.py:919, in BaseGrouper.apply_groupwise(self, f, data, axis)
    917 # group might be modified
    918 group_axes = group.axes
--> 919 res = f(group)
    920 if not mutated and not _is_indexed_like(res, group_axes, axis):
    921     mutated = True

Cell In[36], line 58, in <lambda>(g)
     53 sales_6m_valid = sales_6m.merge(valid_dealer_categories, on=['dealer_code', 'Product_Category'], how='inner')
     55 # Value slope
     56 cat_value_slope = (
     57     sales_6m_valid.groupby(['dealer_code', 'Product_Category'])
---> 58     .apply(lambda g: compute_slope(g, 'Value'))
     59     .reset_index(name='sales_slope')
     60 )
     62 # Volume slope
     63 cat_volume_slope = (
     64     sales_6m_valid.groupby(['dealer_code', 'Product_Category'])
     65     .apply(lambda g: compute_slope(g, 'Volume'))
     66     .reset_index(name='volume_slope')
     67 )

TypeError: compute_slope() takes 1 positional argument but 2 were given

